2020-05-14 13:52:09.841  INFO 10400 --- [restartedMain] c.i.v.VerizonGroupProjectApplication     : Starting VerizonGroupProjectApplication on DESKTOP-P5QHMHS with PID 10400 (D:\workspaces\eclipse_workspace\Verizon_Group_Project\target\classes started by Memoration in D:\workspaces\eclipse_workspace\Verizon_Group_Project)
2020-05-14 13:52:09.847  INFO 10400 --- [restartedMain] c.i.v.VerizonGroupProjectApplication     : No active profile set, falling back to default profiles: default
2020-05-14 13:52:09.887  INFO 10400 --- [restartedMain] o.s.b.devtools.restart.ChangeableUrls    : The Class-Path manifest attribute in C:\Users\Memoration\.m2\repository\org\glassfish\jaxb\jaxb-runtime\2.3.2\jaxb-runtime-2.3.2.jar referenced one or more files that do not exist: file:/C:/Users/Memoration/.m2/repository/org/glassfish/jaxb/jaxb-runtime/2.3.2/jakarta.xml.bind-api-2.3.2.jar,file:/C:/Users/Memoration/.m2/repository/org/glassfish/jaxb/jaxb-runtime/2.3.2/txw2-2.3.2.jar,file:/C:/Users/Memoration/.m2/repository/org/glassfish/jaxb/jaxb-runtime/2.3.2/istack-commons-runtime-3.0.8.jar,file:/C:/Users/Memoration/.m2/repository/org/glassfish/jaxb/jaxb-runtime/2.3.2/stax-ex-1.8.1.jar,file:/C:/Users/Memoration/.m2/repository/org/glassfish/jaxb/jaxb-runtime/2.3.2/FastInfoset-1.2.16.jar,file:/C:/Users/Memoration/.m2/repository/org/glassfish/jaxb/jaxb-runtime/2.3.2/jakarta.activation-api-1.2.1.jar
2020-05-14 13:52:09.888  INFO 10400 --- [restartedMain] o.s.b.devtools.restart.ChangeableUrls    : The Class-Path manifest attribute in C:\Users\Memoration\.m2\repository\com\oracle\ojdbc\ojdbc8\19.3.0.0\ojdbc8-19.3.0.0.jar referenced one or more files that do not exist: file:/C:/Users/Memoration/.m2/repository/com/oracle/ojdbc/ojdbc8/19.3.0.0/oraclepki.jar
2020-05-14 13:52:09.888  INFO 10400 --- [restartedMain] o.s.b.devtools.restart.ChangeableUrls    : The Class-Path manifest attribute in C:\Users\Memoration\.m2\repository\com\oracle\ojdbc\oraclepki\19.3.0.0\oraclepki-19.3.0.0.jar referenced one or more files that do not exist: file:/C:/Users/Memoration/.m2/repository/com/oracle/ojdbc/oraclepki/19.3.0.0/osdt_core.jar,file:/C:/Users/Memoration/.m2/repository/com/oracle/ojdbc/oraclepki/19.3.0.0/osdt_cert.jar,file:/C:/Users/Memoration/.m2/repository/com/oracle/ojdbc/oraclepki/oracle.osdt/osdt_core.jar,file:/C:/Users/Memoration/.m2/repository/com/oracle/ojdbc/oraclepki/oracle.osdt/osdt_cert.jar
2020-05-14 13:52:09.888  INFO 10400 --- [restartedMain] .e.DevToolsPropertyDefaultsPostProcessor : Devtools property defaults active! Set 'spring.devtools.add-properties' to 'false' to disable
2020-05-14 13:52:09.888  INFO 10400 --- [restartedMain] .e.DevToolsPropertyDefaultsPostProcessor : For additional web related logging consider setting the 'logging.level.web' property to 'DEBUG'
2020-05-14 13:52:10.373  INFO 10400 --- [restartedMain] .s.d.r.c.RepositoryConfigurationDelegate : Bootstrapping Spring Data JPA repositories in DEFAULT mode.
2020-05-14 13:52:10.393  INFO 10400 --- [restartedMain] .s.d.r.c.RepositoryConfigurationDelegate : Finished Spring Data repository scanning in 13ms. Found 0 JPA repository interfaces.
2020-05-14 13:52:11.276  INFO 10400 --- [restartedMain] o.s.b.w.embedded.tomcat.TomcatWebServer  : Tomcat initialized with port(s): 8080 (http)
2020-05-14 13:52:11.284  INFO 10400 --- [restartedMain] o.apache.catalina.core.StandardService   : Starting service [Tomcat]
2020-05-14 13:52:11.284  INFO 10400 --- [restartedMain] org.apache.catalina.core.StandardEngine  : Starting Servlet engine: [Apache Tomcat/9.0.33]
2020-05-14 13:52:11.340  INFO 10400 --- [restartedMain] o.a.c.c.C.[.[.[/Verizon_Server]          : Initializing Spring embedded WebApplicationContext
2020-05-14 13:52:11.340  INFO 10400 --- [restartedMain] o.s.web.context.ContextLoader            : Root WebApplicationContext: initialization completed in 1452 ms
2020-05-14 13:52:11.524  INFO 10400 --- [restartedMain] com.zaxxer.hikari.HikariDataSource       : HikariPool-1 - Starting...
2020-05-14 13:52:12.571  INFO 10400 --- [restartedMain] com.zaxxer.hikari.HikariDataSource       : HikariPool-1 - Start completed.
2020-05-14 13:52:12.606  INFO 10400 --- [restartedMain] o.hibernate.jpa.internal.util.LogHelper  : HHH000204: Processing PersistenceUnitInfo [name: default]
2020-05-14 13:52:12.661  INFO 10400 --- [restartedMain] org.hibernate.Version                    : HHH000412: Hibernate ORM core version 5.4.12.Final
2020-05-14 13:52:12.775  INFO 10400 --- [restartedMain] o.hibernate.annotations.common.Version   : HCANN000001: Hibernate Commons Annotations {5.1.0.Final}
2020-05-14 13:52:12.870  INFO 10400 --- [restartedMain] org.hibernate.dialect.Dialect            : HHH000400: Using dialect: org.hibernate.dialect.Oracle12cDialect
2020-05-14 13:52:25.940  INFO 10400 --- [restartedMain] o.h.e.t.j.p.i.JtaPlatformInitiator       : HHH000490: Using JtaPlatform implementation: [org.hibernate.engine.transaction.jta.platform.internal.NoJtaPlatform]
2020-05-14 13:52:25.945  INFO 10400 --- [restartedMain] j.LocalContainerEntityManagerFactoryBean : Initialized JPA EntityManagerFactory for persistence unit 'default'
2020-05-14 13:52:26.411  INFO 10400 --- [restartedMain] pertySourcedRequestMappingHandlerMapping : Mapped URL path [/v2/api-docs] onto method [springfox.documentation.swagger2.web.Swagger2Controller#getDocumentation(String, HttpServletRequest)]
2020-05-14 13:52:26.503  INFO 10400 --- [restartedMain] o.s.b.d.a.OptionalLiveReloadServer       : LiveReload server is running on port 35729
2020-05-14 13:52:26.604  WARN 10400 --- [restartedMain] JpaBaseConfiguration$JpaWebConfiguration : spring.jpa.open-in-view is enabled by default. Therefore, database queries may be performed during view rendering. Explicitly configure spring.jpa.open-in-view to disable this warning
2020-05-14 13:52:26.810  INFO 10400 --- [restartedMain] d.s.w.p.DocumentationPluginsBootstrapper : Context refreshed
2020-05-14 13:52:26.830  INFO 10400 --- [restartedMain] d.s.w.p.DocumentationPluginsBootstrapper : Found 1 custom documentation plugin(s)
2020-05-14 13:52:26.852  INFO 10400 --- [restartedMain] s.d.s.w.s.ApiListingReferenceScanner     : Scanning for api listing references
2020-05-14 13:52:27.011  INFO 10400 --- [restartedMain] o.s.b.w.embedded.tomcat.TomcatWebServer  : Tomcat started on port(s): 8080 (http) with context path '/Verizon_Server'
2020-05-14 13:52:27.014  INFO 10400 --- [restartedMain] c.i.v.VerizonGroupProjectApplication     : Started VerizonGroupProjectApplication in 17.39 seconds (JVM running for 17.68)
2020-05-14 13:56:24.532  INFO 10400 --- [http-nio-8080-exec-1] o.a.c.c.C.[.[.[/Verizon_Server]          : Initializing Spring DispatcherServlet 'dispatcherServlet'
2020-05-14 13:56:24.532  INFO 10400 --- [http-nio-8080-exec-1] o.s.web.servlet.DispatcherServlet        : Initializing Servlet 'dispatcherServlet'
2020-05-14 13:56:24.540  INFO 10400 --- [http-nio-8080-exec-1] o.s.web.servlet.DispatcherServlet        : Completed initialization in 8 ms
2020-05-14 13:56:24.601  INFO 10400 --- [http-nio-8080-exec-2] c.i.verizon_group_project.api.AdminAPI   : ADMIN TRYING TO LOGIN. ADMIN EMAIL ID: test1@gmail.com
2020-05-14 13:56:24.771  INFO 10400 --- [http-nio-8080-exec-2] c.i.verizon_group_project.api.AdminAPI   : ADMIN LOGIN SUCCESSFUL. ADMIN EMAIL ID: test1@gmail.com
2020-05-14 14:08:27.229  INFO 10400 --- [http-nio-8080-exec-5] c.i.v.api.ApartmentAPI                   : Adding apartment, apartment type: 1B1Bath, apartment flooring: Laminate, apartment level: 1
2020-05-14 14:08:27.266  INFO 10400 --- [http-nio-8080-exec-5] c.i.v.api.ApartmentAPI                   : Apartment added successfully, apartment no: 10
2020-05-14 14:09:34.755  INFO 10400 --- [Thread-9] j.LocalContainerEntityManagerFactoryBean : Closing JPA EntityManagerFactory for persistence unit 'default'
2020-05-14 14:09:34.758  INFO 10400 --- [Thread-9] com.zaxxer.hikari.HikariDataSource       : HikariPool-1 - Shutdown initiated...
2020-05-14 14:09:34.764  INFO 10400 --- [Thread-9] com.zaxxer.hikari.HikariDataSource       : HikariPool-1 - Shutdown completed.
2020-05-14 14:09:35.087  INFO 10400 --- [restartedMain] c.i.v.VerizonGroupProjectApplication     : Starting VerizonGroupProjectApplication on DESKTOP-P5QHMHS with PID 10400 (D:\workspaces\eclipse_workspace\Verizon_Group_Project\target\classes started by Memoration in D:\workspaces\eclipse_workspace\Verizon_Group_Project)
2020-05-14 14:09:35.087  INFO 10400 --- [restartedMain] c.i.v.VerizonGroupProjectApplication     : No active profile set, falling back to default profiles: default
2020-05-14 14:09:35.282  INFO 10400 --- [restartedMain] .s.d.r.c.RepositoryConfigurationDelegate : Bootstrapping Spring Data JPA repositories in DEFAULT mode.
2020-05-14 14:09:35.286  INFO 10400 --- [restartedMain] .s.d.r.c.RepositoryConfigurationDelegate : Finished Spring Data repository scanning in 3ms. Found 0 JPA repository interfaces.
2020-05-14 14:09:35.429  INFO 10400 --- [restartedMain] o.s.b.w.embedded.tomcat.TomcatWebServer  : Tomcat initialized with port(s): 8080 (http)
2020-05-14 14:09:35.429  INFO 10400 --- [restartedMain] o.apache.catalina.core.StandardService   : Starting service [Tomcat]
2020-05-14 14:09:35.430  INFO 10400 --- [restartedMain] org.apache.catalina.core.StandardEngine  : Starting Servlet engine: [Apache Tomcat/9.0.33]
2020-05-14 14:09:35.440  INFO 10400 --- [restartedMain] o.a.c.c.C.[.[.[/Verizon_Server]          : Initializing Spring embedded WebApplicationContext
2020-05-14 14:09:35.440  INFO 10400 --- [restartedMain] o.s.web.context.ContextLoader            : Root WebApplicationContext: initialization completed in 350 ms
2020-05-14 14:09:35.487  INFO 10400 --- [restartedMain] com.zaxxer.hikari.HikariDataSource       : HikariPool-2 - Starting...
2020-05-14 14:09:35.510  INFO 10400 --- [restartedMain] com.zaxxer.hikari.HikariDataSource       : HikariPool-2 - Start completed.
2020-05-14 14:09:35.513  INFO 10400 --- [restartedMain] o.hibernate.jpa.internal.util.LogHelper  : HHH000204: Processing PersistenceUnitInfo [name: default]
2020-05-14 14:09:35.516  INFO 10400 --- [restartedMain] org.hibernate.dialect.Dialect            : HHH000400: Using dialect: org.hibernate.dialect.Oracle12cDialect
2020-05-14 14:09:47.754  INFO 10400 --- [restartedMain] o.h.e.t.j.p.i.JtaPlatformInitiator       : HHH000490: Using JtaPlatform implementation: [org.hibernate.engine.transaction.jta.platform.internal.NoJtaPlatform]
2020-05-14 14:09:47.754  INFO 10400 --- [restartedMain] j.LocalContainerEntityManagerFactoryBean : Initialized JPA EntityManagerFactory for persistence unit 'default'
2020-05-14 14:09:47.914  INFO 10400 --- [restartedMain] pertySourcedRequestMappingHandlerMapping : Mapped URL path [/v2/api-docs] onto method [springfox.documentation.swagger2.web.Swagger2Controller#getDocumentation(String, HttpServletRequest)]
2020-05-14 14:09:47.942  INFO 10400 --- [restartedMain] o.s.b.d.a.OptionalLiveReloadServer       : LiveReload server is running on port 35729
2020-05-14 14:09:47.971  WARN 10400 --- [restartedMain] JpaBaseConfiguration$JpaWebConfiguration : spring.jpa.open-in-view is enabled by default. Therefore, database queries may be performed during view rendering. Explicitly configure spring.jpa.open-in-view to disable this warning
2020-05-14 14:09:48.076  INFO 10400 --- [restartedMain] d.s.w.p.DocumentationPluginsBootstrapper : Context refreshed
2020-05-14 14:09:48.077  INFO 10400 --- [restartedMain] d.s.w.p.DocumentationPluginsBootstrapper : Found 1 custom documentation plugin(s)
2020-05-14 14:09:48.085  INFO 10400 --- [restartedMain] s.d.s.w.s.ApiListingReferenceScanner     : Scanning for api listing references
2020-05-14 14:09:48.132  INFO 10400 --- [restartedMain] o.s.b.w.embedded.tomcat.TomcatWebServer  : Tomcat started on port(s): 8080 (http) with context path '/Verizon_Server'
2020-05-14 14:09:48.133  INFO 10400 --- [restartedMain] c.i.v.VerizonGroupProjectApplication     : Started VerizonGroupProjectApplication in 13.067 seconds (JVM running for 1058.799)
2020-05-14 14:09:48.136  INFO 10400 --- [restartedMain] .ConditionEvaluationDeltaLoggingListener : Condition evaluation unchanged
2020-05-14 14:15:36.633  INFO 10400 --- [http-nio-8080-exec-1] o.a.c.c.C.[.[.[/Verizon_Server]          : Initializing Spring DispatcherServlet 'dispatcherServlet'
2020-05-14 14:15:36.634  INFO 10400 --- [http-nio-8080-exec-1] o.s.web.servlet.DispatcherServlet        : Initializing Servlet 'dispatcherServlet'
2020-05-14 14:15:36.639  INFO 10400 --- [http-nio-8080-exec-1] o.s.web.servlet.DispatcherServlet        : Completed initialization in 5 ms
2020-05-14 14:15:36.640  INFO 10400 --- [http-nio-8080-exec-1] c.i.v.api.ApartmentAPI                   : Getting all apartments
2020-05-14 14:15:36.663  INFO 10400 --- [http-nio-8080-exec-1] c.i.v.api.ApartmentAPI                   : All apartments got successfully
2020-05-14 14:15:37.159  INFO 10400 --- [http-nio-8080-exec-2] c.i.v.api.ApartmentAPI                   : Getting all apartments
2020-05-14 14:15:37.163  INFO 10400 --- [http-nio-8080-exec-2] c.i.v.api.ApartmentAPI                   : All apartments got successfully
2020-05-14 14:15:37.618  INFO 10400 --- [http-nio-8080-exec-3] c.i.v.api.ApartmentAPI                   : Getting all apartments
2020-05-14 14:15:37.622  INFO 10400 --- [http-nio-8080-exec-3] c.i.v.api.ApartmentAPI                   : All apartments got successfully
2020-05-14 14:15:38.261  INFO 10400 --- [http-nio-8080-exec-4] c.i.v.api.ApartmentAPI                   : Getting all apartments
2020-05-14 14:15:38.266  INFO 10400 --- [http-nio-8080-exec-4] c.i.v.api.ApartmentAPI                   : All apartments got successfully
2020-05-14 14:15:38.527  INFO 10400 --- [http-nio-8080-exec-5] c.i.v.api.ApartmentAPI                   : Getting all apartments
2020-05-14 14:15:38.531  INFO 10400 --- [http-nio-8080-exec-5] c.i.v.api.ApartmentAPI                   : All apartments got successfully
2020-05-14 14:15:38.941  INFO 10400 --- [http-nio-8080-exec-6] c.i.v.api.ApartmentAPI                   : Getting all apartments
2020-05-14 14:15:38.945  INFO 10400 --- [http-nio-8080-exec-6] c.i.v.api.ApartmentAPI                   : All apartments got successfully
2020-05-14 14:15:39.769  INFO 10400 --- [http-nio-8080-exec-7] c.i.v.api.ApartmentAPI                   : Getting all apartments
2020-05-14 14:15:39.774  INFO 10400 --- [http-nio-8080-exec-7] c.i.v.api.ApartmentAPI                   : All apartments got successfully
2020-05-14 14:15:40.130  INFO 10400 --- [http-nio-8080-exec-8] c.i.v.api.ApartmentAPI                   : Getting all apartments
2020-05-14 14:15:40.135  INFO 10400 --- [http-nio-8080-exec-8] c.i.v.api.ApartmentAPI                   : All apartments got successfully
2020-05-14 14:15:43.712  INFO 10400 --- [http-nio-8080-exec-9] c.i.v.api.ApartmentAPI                   : Getting all apartments
2020-05-14 14:15:43.716  INFO 10400 --- [http-nio-8080-exec-9] c.i.v.api.ApartmentAPI                   : All apartments got successfully
2020-05-14 14:15:43.983  INFO 10400 --- [http-nio-8080-exec-10] c.i.v.api.ApartmentAPI                   : Getting all apartments
2020-05-14 14:15:43.987  INFO 10400 --- [http-nio-8080-exec-10] c.i.v.api.ApartmentAPI                   : All apartments got successfully
